  OpenVR_LightGun.cpp
d:\openvr_lightgun\openvr_lightgun\openvr_lightgun.cpp(244): warning C4244: '=': conversion from 'float' to 'int', possible loss of data
d:\openvr_lightgun\openvr_lightgun\openvr_lightgun.cpp(245): warning C4244: '=': conversion from 'float' to 'int', possible loss of data
d:\openvr_lightgun\openvr_lightgun\openvr_lightgun.cpp(268): warning C4244: 'return': conversion from 'double' to 'float', possible loss of data
d:\openvr_lightgun\openvr_lightgun\openvr_lightgun.cpp(373): warning C4244: '=': conversion from 'float' to 'int', possible loss of data
d:\openvr_lightgun\openvr_lightgun\openvr_lightgun.cpp(374): warning C4244: '=': conversion from 'float' to 'int', possible loss of data
d:\openvr_lightgun\openvr_lightgun\openvr_lightgun.cpp(392): warning C4101: 'r2': unreferenced local variable
d:\openvr_lightgun\openvr_lightgun\openvr_lightgun.cpp(396): warning C4101: 'r7': unreferenced local variable
d:\openvr_lightgun\openvr_lightgun\openvr_lightgun.cpp(394): warning C4101: 'r4': unreferenced local variable
d:\openvr_lightgun\openvr_lightgun\openvr_lightgun.cpp(395): warning C4101: 'r6': unreferenced local variable
d:\openvr_lightgun\openvr_lightgun\openvr_lightgun.cpp(393): warning C4101: 'r3': unreferenced local variable
d:\openvr_lightgun\openvr_lightgun\openvr_lightgun.cpp(514): warning C4244: 'initializing': conversion from 'double' to 'float', possible loss of data
d:\openvr_lightgun\openvr_lightgun\openvr_lightgun.cpp(840): warning C4305: 'initializing': truncation from 'double' to 'float'
d:\openvr_lightgun\openvr_lightgun\openvr_lightgun.cpp(848): warning C4244: 'initializing': conversion from 'double' to 'float', possible loss of data
d:\openvr_lightgun\openvr_lightgun\openvr_lightgun.cpp(837): warning C4101: 'event': unreferenced local variable
d:\openvr_lightgun\openvr_lightgun\openvr_lightgun.cpp(992): warning C4244: 'initializing': conversion from 'double' to 'float', possible loss of data
d:\openvr_lightgun\openvr_lightgun\openvr_lightgun.cpp(1072): warning C4244: 'initializing': conversion from 'double' to 'float', possible loss of data
d:\openvr_lightgun\openvr_lightgun\openvr_lightgun.cpp(1073): warning C4244: 'initializing': conversion from 'double' to 'float', possible loss of data
d:\openvr_lightgun\openvr_lightgun\openvr_lightgun.cpp(1100): warning C4244: '=': conversion from 'double' to 'float', possible loss of data
  OpenVR_LightGun.vcxproj -> D:\openvr_lightgun\OpenVR_LightGun\Debug\OpenVR_LightGun.exe
